08:25:01.924 INFO [GridLauncherV3.parse] - Selenium server version: 3.141.59, revision: e82be7d358
08:25:01.982 INFO [GridLauncherV3.lambda$buildLaunchers$3] - Launching a standalone Selenium Server on port 4444
2021-01-19 08:25:02.035:INFO::main: Logging initialized @340ms to org.seleniumhq.jetty9.util.log.StdErrLog
08:25:02.241 INFO [WebDriverServlet.<init>] - Initialising WebDriverServlet
08:25:02.616 INFO [SeleniumServer.boot] - Selenium Server is up and running on port 4444
08:25:14.508 INFO [ActiveSessionFactory.apply] - Capabilities are: {
  "acceptSslCerts": true,
  "browserName": "Chrome",
  "chromeOptions": {
    "w3c": false,
    "args": [
      "disable-gpu"
    ]
  },
  "javascriptEnabled": true,
  "name": "Register"
}
08:25:14.511 INFO [ActiveSessionFactory.lambda$apply$11] - Matched factory org.openqa.selenium.grid.session.remote.ServicedSession$Factory (provider: org.openqa.selenium.chrome.ChromeDriverService)
Starting ChromeDriver 87.0.4280.88 (89e2380a3e36c3464b5dd1302349b1382549290d-refs/branch-heads/4280@{#1761}) on port 21694
Only local connections are allowed.
Please see https://chromedriver.chromium.org/security-considerations for suggestions on keeping ChromeDriver safe.
ChromeDriver was started successfully.
08:25:18.907 INFO [ProtocolHandshake.createSession] - Detected dialect: OSS
08:25:19.106 INFO [RemoteSession$Factory.lambda$performHandshake$0] - Started new session e252c01da23702621df0fa4dec648020 (org.openqa.selenium.chrome.ChromeDriverService)
08:25:37.005 INFO [ActiveSessions$1.onStop] - Removing session e252c01da23702621df0fa4dec648020 (org.openqa.selenium.chrome.ChromeDriverService)
